I, [2014-02-10T14:34:21.573331 #18161]  INFO -- : Started GET "/" for 127.0.0.1 at 2014-02-10 14:34:21 -0800
F, [2014-02-10T14:34:21.585332 #18161] FATAL -- : 
PG::ConnectionBad (FATAL:  role "MadisonLive" does not exist
):
  activerecord (4.0.2) lib/active_record/connection_adapters/postgresql_adapter.rb:831:in `initialize'
  activerecord (4.0.2) lib/active_record/connection_adapters/postgresql_adapter.rb:831:in `new'
  activerecord (4.0.2) lib/active_record/connection_adapters/postgresql_adapter.rb:831:in `connect'
  activerecord (4.0.2) lib/active_record/connection_adapters/postgresql_adapter.rb:548:in `initialize'
  activerecord (4.0.2) lib/active_record/connection_adapters/postgresql_adapter.rb:41:in `new'
  activerecord (4.0.2) lib/active_record/connection_adapters/postgresql_adapter.rb:41:in `postgresql_connection'
  activerecord (4.0.2) lib/active_record/connection_adapters/abstract/connection_pool.rb:440:in `new_connection'
  activerecord (4.0.2) lib/active_record/connection_adapters/abstract/connection_pool.rb:450:in `checkout_new_connection'
  activerecord (4.0.2) lib/active_record/connection_adapters/abstract/connection_pool.rb:421:in `acquire_connection'
  activerecord (4.0.2) lib/active_record/connection_adapters/abstract/connection_pool.rb:356:in `block in checkout'
  /Users/mkanof/.rubies/ruby-2.1.0/lib/ruby/2.1.0/monitor.rb:211:in `mon_synchronize'
  activerecord (4.0.2) lib/active_record/connection_adapters/abstract/connection_pool.rb:355:in `checkout'
  activerecord (4.0.2) lib/active_record/connection_adapters/abstract/connection_pool.rb:265:in `block in connection'
  /Users/mkanof/.rubies/ruby-2.1.0/lib/ruby/2.1.0/monitor.rb:211:in `mon_synchronize'
  activerecord (4.0.2) lib/active_record/connection_adapters/abstract/connection_pool.rb:264:in `connection'
  activerecord (4.0.2) lib/active_record/connection_adapters/abstract/connection_pool.rb:546:in `retrieve_connection'
  activerecord (4.0.2) lib/active_record/connection_handling.rb:79:in `retrieve_connection'
  activerecord (4.0.2) lib/active_record/connection_handling.rb:53:in `connection'
  activerecord (4.0.2) lib/active_record/query_cache.rb:51:in `restore_query_cache_settings'
  activerecord (4.0.2) lib/active_record/query_cache.rb:43:in `rescue in call'
  activerecord (4.0.2) lib/active_record/query_cache.rb:32:in `call'
  activerecord (4.0.2) lib/active_record/connection_adapters/abstract/connection_pool.rb:626:in `call'
  actionpack (4.0.2) lib/action_dispatch/middleware/callbacks.rb:29:in `block in call'
  activesupport (4.0.2) lib/active_support/callbacks.rb:373:in `_run__1858335067835361882__call__callbacks'
  activesupport (4.0.2) lib/active_support/callbacks.rb:80:in `run_callbacks'
  actionpack (4.0.2) lib/action_dispatch/middleware/callbacks.rb:27:in `call'
  actionpack (4.0.2) lib/action_dispatch/middleware/remote_ip.rb:76:in `call'
  actionpack (4.0.2) lib/action_dispatch/middleware/debug_exceptions.rb:17:in `call'
  actionpack (4.0.2) lib/action_dispatch/middleware/show_exceptions.rb:30:in `call'
  railties (4.0.2) lib/rails/rack/logger.rb:38:in `call_app'
  railties (4.0.2) lib/rails/rack/logger.rb:20:in `block in call'
  activesupport (4.0.2) lib/active_support/tagged_logging.rb:67:in `block in tagged'
  activesupport (4.0.2) lib/active_support/tagged_logging.rb:25:in `tagged'
  activesupport (4.0.2) lib/active_support/tagged_logging.rb:67:in `tagged'
  railties (4.0.2) lib/rails/rack/logger.rb:20:in `call'
  actionpack (4.0.2) lib/action_dispatch/middleware/request_id.rb:21:in `call'
  rack (1.5.2) lib/rack/methodoverride.rb:21:in `call'
  rack (1.5.2) lib/rack/runtime.rb:17:in `call'
  activesupport (4.0.2) lib/active_support/cache/strategy/local_cache.rb:83:in `call'
  rack (1.5.2) lib/rack/sendfile.rb:112:in `call'
  railties (4.0.2) lib/rails/engine.rb:511:in `call'
  railties (4.0.2) lib/rails/application.rb:97:in `call'
  rack (1.5.2) lib/rack/content_length.rb:14:in `call'
  puma (2.7.1) lib/puma/server.rb:486:in `handle_request'
  puma (2.7.1) lib/puma/server.rb:357:in `process_client'
  puma (2.7.1) lib/puma/server.rb:250:in `block in run'
  puma (2.7.1) lib/puma/thread_pool.rb:92:in `call'
  puma (2.7.1) lib/puma/thread_pool.rb:92:in `block in spawn_thread'


I, [2014-02-10T14:34:23.310726 #18161]  INFO -- : Started GET "/" for 127.0.0.1 at 2014-02-10 14:34:23 -0800
F, [2014-02-10T14:34:23.320264 #18161] FATAL -- : 
PG::ConnectionBad (FATAL:  role "MadisonLive" does not exist
):
  activerecord (4.0.2) lib/active_record/connection_adapters/postgresql_adapter.rb:831:in `initialize'
  activerecord (4.0.2) lib/active_record/connection_adapters/postgresql_adapter.rb:831:in `new'
  activerecord (4.0.2) lib/active_record/connection_adapters/postgresql_adapter.rb:831:in `connect'
  activerecord (4.0.2) lib/active_record/connection_adapters/postgresql_adapter.rb:548:in `initialize'
  activerecord (4.0.2) lib/active_record/connection_adapters/postgresql_adapter.rb:41:in `new'
  activerecord (4.0.2) lib/active_record/connection_adapters/postgresql_adapter.rb:41:in `postgresql_connection'
  activerecord (4.0.2) lib/active_record/connection_adapters/abstract/connection_pool.rb:440:in `new_connection'
  activerecord (4.0.2) lib/active_record/connection_adapters/abstract/connection_pool.rb:450:in `checkout_new_connection'
  activerecord (4.0.2) lib/active_record/connection_adapters/abstract/connection_pool.rb:421:in `acquire_connection'
  activerecord (4.0.2) lib/active_record/connection_adapters/abstract/connection_pool.rb:356:in `block in checkout'
  /Users/mkanof/.rubies/ruby-2.1.0/lib/ruby/2.1.0/monitor.rb:211:in `mon_synchronize'
  activerecord (4.0.2) lib/active_record/connection_adapters/abstract/connection_pool.rb:355:in `checkout'
  activerecord (4.0.2) lib/active_record/connection_adapters/abstract/connection_pool.rb:265:in `block in connection'
  /Users/mkanof/.rubies/ruby-2.1.0/lib/ruby/2.1.0/monitor.rb:211:in `mon_synchronize'
  activerecord (4.0.2) lib/active_record/connection_adapters/abstract/connection_pool.rb:264:in `connection'
  activerecord (4.0.2) lib/active_record/connection_adapters/abstract/connection_pool.rb:546:in `retrieve_connection'
  activerecord (4.0.2) lib/active_record/connection_handling.rb:79:in `retrieve_connection'
  activerecord (4.0.2) lib/active_record/connection_handling.rb:53:in `connection'
  activerecord (4.0.2) lib/active_record/query_cache.rb:51:in `restore_query_cache_settings'
  activerecord (4.0.2) lib/active_record/query_cache.rb:43:in `rescue in call'
  activerecord (4.0.2) lib/active_record/query_cache.rb:32:in `call'
  activerecord (4.0.2) lib/active_record/connection_adapters/abstract/connection_pool.rb:626:in `call'
  actionpack (4.0.2) lib/action_dispatch/middleware/callbacks.rb:29:in `block in call'
  activesupport (4.0.2) lib/active_support/callbacks.rb:373:in `_run__1858335067835361882__call__callbacks'
  activesupport (4.0.2) lib/active_support/callbacks.rb:80:in `run_callbacks'
  actionpack (4.0.2) lib/action_dispatch/middleware/callbacks.rb:27:in `call'
  actionpack (4.0.2) lib/action_dispatch/middleware/remote_ip.rb:76:in `call'
  actionpack (4.0.2) lib/action_dispatch/middleware/debug_exceptions.rb:17:in `call'
  actionpack (4.0.2) lib/action_dispatch/middleware/show_exceptions.rb:30:in `call'
  railties (4.0.2) lib/rails/rack/logger.rb:38:in `call_app'
  railties (4.0.2) lib/rails/rack/logger.rb:20:in `block in call'
  activesupport (4.0.2) lib/active_support/tagged_logging.rb:67:in `block in tagged'
  activesupport (4.0.2) lib/active_support/tagged_logging.rb:25:in `tagged'
  activesupport (4.0.2) lib/active_support/tagged_logging.rb:67:in `tagged'
  railties (4.0.2) lib/rails/rack/logger.rb:20:in `call'
  actionpack (4.0.2) lib/action_dispatch/middleware/request_id.rb:21:in `call'
  rack (1.5.2) lib/rack/methodoverride.rb:21:in `call'
  rack (1.5.2) lib/rack/runtime.rb:17:in `call'
  activesupport (4.0.2) lib/active_support/cache/strategy/local_cache.rb:83:in `call'
  rack (1.5.2) lib/rack/sendfile.rb:112:in `call'
  railties (4.0.2) lib/rails/engine.rb:511:in `call'
  railties (4.0.2) lib/rails/application.rb:97:in `call'
  rack (1.5.2) lib/rack/content_length.rb:14:in `call'
  puma (2.7.1) lib/puma/server.rb:486:in `handle_request'
  puma (2.7.1) lib/puma/server.rb:357:in `process_client'
  puma (2.7.1) lib/puma/server.rb:250:in `block in run'
  puma (2.7.1) lib/puma/thread_pool.rb:92:in `call'
  puma (2.7.1) lib/puma/thread_pool.rb:92:in `block in spawn_thread'


